<?xml version="1.0" encoding="UTF-8"?>
<coverage generated="1747773545347" clover="3.2.0">
  <project timestamp="1747773545348" name="All files">
    <metrics statements="10" coveredstatements="10" conditionals="8" coveredconditionals="6" methods="6" coveredmethods="6" elements="24" coveredelements="22" complexity="0" loc="10" ncloc="10" packages="1" files="2" classes="2"/>
    <file name="Card.jsx" path="C:\Users\fl\Documents\p8\TesteurLogiciel_appli_location_immobiliere_React-main-FlorentLeBihan\my-react-app\src\components\Card.jsx">
      <metrics statements="2" coveredstatements="2" conditionals="0" coveredconditionals="0" methods="1" coveredmethods="1"/>
      <line num="5" count="1" type="stmt"/>
      <line num="6" count="1" type="stmt"/>
    </file>
    <file name="Slideshow.jsx" path="C:\Users\fl\Documents\p8\TesteurLogiciel_appli_location_immobiliere_React-main-FlorentLeBihan\my-react-app\src\components\Slideshow.jsx">
      <metrics statements="8" coveredstatements="8" conditionals="8" coveredconditionals="6" methods="5" coveredmethods="5"/>
      <line num="6" count="5" type="stmt"/>
      <line num="8" count="5" type="stmt"/>
      <line num="9" count="1" type="stmt"/>
      <line num="10" count="1" type="cond" truecount="1" falsecount="1"/>
      <line num="14" count="5" type="stmt"/>
      <line num="15" count="1" type="stmt"/>
      <line num="16" count="1" type="cond" truecount="1" falsecount="1"/>
      <line num="20" count="5" type="stmt"/>
    </file>
  </project>
</coverage>
