<?xml version="1.0" encoding="UTF-8"?>
<coverage generated="1746537087989" clover="3.2.0">
  <project timestamp="1746537087989" name="All files">
    <metrics statements="9" coveredstatements="9" conditionals="8" coveredconditionals="6" methods="6" coveredmethods="6" elements="23" coveredelements="21" complexity="0" loc="9" ncloc="9" packages="1" files="2" classes="2"/>
    <file name="Card.jsx" path="C:\Users\fl\Documents\p8\TesteurLogiciel_appli_location_immobiliere_React-main-FlorentLeBihan\my-react-app\src\components\Card.jsx">
      <metrics statements="1" coveredstatements="1" conditionals="0" coveredconditionals="0" methods="1" coveredmethods="1"/>
      <line num="6" count="1" type="stmt"/>
    </file>
    <file name="Slideshow.jsx" path="C:\Users\fl\Documents\p8\TesteurLogiciel_appli_location_immobiliere_React-main-FlorentLeBihan\my-react-app\src\components\Slideshow.jsx">
      <metrics statements="8" coveredstatements="8" conditionals="8" coveredconditionals="6" methods="5" coveredmethods="5"/>
      <line num="5" count="5" type="stmt"/>
      <line num="7" count="5" type="stmt"/>
      <line num="8" count="1" type="stmt"/>
      <line num="9" count="1" type="cond" truecount="1" falsecount="1"/>
      <line num="13" count="5" type="stmt"/>
      <line num="14" count="1" type="stmt"/>
      <line num="15" count="1" type="cond" truecount="1" falsecount="1"/>
      <line num="19" count="5" type="stmt"/>
    </file>
  </project>
</coverage>
