{"C:\\Users\\fl\\Documents\\p8\\TesteurLogiciel_appli_location_immobiliere_React-main-FlorentLeBihan\\my-react-app\\src\\components\\Card.jsx": {"path":"C:\\Users\\fl\\Documents\\p8\\TesteurLogiciel_appli_location_immobiliere_React-main-FlorentLeBihan\\my-react-app\\src\\components\\Card.jsx","statementMap":{"0":{"start":{"line":5,"column":13},"end":{"line":11,"column":1}},"1":{"start":{"line":6,"column":2},"end":{"line":10,"column":9}}},"fnMap":{"0":{"name":"(anonymous_0)","decl":{"start":{"line":5,"column":13},"end":{"line":5,"column":14}},"loc":{"start":{"line":6,"column":2},"end":{"line":10,"column":9}},"line":6}},"branchMap":{},"s":{"0":1,"1":1},"f":{"0":1},"b":{},"_coverageSchema":"1a1c01bbd47fc00a2c39e90264f33305004495a9","hash":"2203eb8c84ee712350ee1b6d95d7882aff175dc3"}
,"C:\\Users\\fl\\Documents\\p8\\TesteurLogiciel_appli_location_immobiliere_React-main-FlorentLeBihan\\my-react-app\\src\\components\\Slideshow.jsx": {"path":"C:\\Users\\fl\\Documents\\p8\\TesteurLogiciel_appli_location_immobiliere_React-main-FlorentLeBihan\\my-react-app\\src\\components\\Slideshow.jsx","statementMap":{"0":{"start":{"line":6,"column":42},"end":{"line":6,"column":53}},"1":{"start":{"line":8,"column":21},"end":{"line":12,"column":3}},"2":{"start":{"line":9,"column":4},"end":{"line":11,"column":6}},"3":{"start":{"line":10,"column":6},"end":{"line":10,"column":59}},"4":{"start":{"line":14,"column":21},"end":{"line":18,"column":3}},"5":{"start":{"line":15,"column":4},"end":{"line":17,"column":6}},"6":{"start":{"line":16,"column":6},"end":{"line":16,"column":59}},"7":{"start":{"line":20,"column":2},"end":{"line":51,"column":4}}},"fnMap":{"0":{"name":"Slideshow","decl":{"start":{"line":5,"column":9},"end":{"line":5,"column":18}},"loc":{"start":{"line":5,"column":33},"end":{"line":52,"column":1}},"line":5},"1":{"name":"(anonymous_1)","decl":{"start":{"line":8,"column":21},"end":{"line":8,"column":22}},"loc":{"start":{"line":8,"column":27},"end":{"line":12,"column":3}},"line":8},"2":{"name":"(anonymous_2)","decl":{"start":{"line":9,"column":20},"end":{"line":9,"column":21}},"loc":{"start":{"line":10,"column":6},"end":{"line":10,"column":59}},"line":10},"3":{"name":"(anonymous_3)","decl":{"start":{"line":14,"column":21},"end":{"line":14,"column":22}},"loc":{"start":{"line":14,"column":27},"end":{"line":18,"column":3}},"line":14},"4":{"name":"(anonymous_4)","decl":{"start":{"line":15,"column":20},"end":{"line":15,"column":21}},"loc":{"start":{"line":16,"column":6},"end":{"line":16,"column":59}},"line":16}},"branchMap":{"0":{"loc":{"start":{"line":10,"column":6},"end":{"line":10,"column":59}},"type":"cond-expr","locations":[{"start":{"line":10,"column":42},"end":{"line":10,"column":43}},{"start":{"line":10,"column":46},"end":{"line":10,"column":59}}],"line":10},"1":{"loc":{"start":{"line":16,"column":6},"end":{"line":16,"column":59}},"type":"cond-expr","locations":[{"start":{"line":16,"column":24},"end":{"line":16,"column":43}},{"start":{"line":16,"column":46},"end":{"line":16,"column":59}}],"line":16},"2":{"loc":{"start":{"line":22,"column":7},"end":{"line":39,"column":7}},"type":"binary-expr","locations":[{"start":{"line":22,"column":7},"end":{"line":22,"column":26}},{"start":{"line":23,"column":8},"end":{"line":38,"column":11}}],"line":22},"3":{"loc":{"start":{"line":45,"column":7},"end":{"line":49,"column":7}},"type":"binary-expr","locations":[{"start":{"line":45,"column":7},"end":{"line":45,"column":26}},{"start":{"line":46,"column":8},"end":{"line":48,"column":14}}],"line":45}},"s":{"0":5,"1":5,"2":1,"3":1,"4":5,"5":1,"6":1,"7":5},"f":{"0":5,"1":1,"2":1,"3":1,"4":1},"b":{"0":[0,1],"1":[1,0],"2":[5,5],"3":[5,5]},"_coverageSchema":"1a1c01bbd47fc00a2c39e90264f33305004495a9","hash":"e96a38b0cdb467ece227733c7aee305c83121b5b"}
}
