{"C:\\Users\\fl\\Documents\\p8\\TesteurLogiciel_appli_location_immobiliere_React-main-FlorentLeBihan\\my-react-app\\src\\components\\Card.jsx": {"path":"C:\\Users\\fl\\Documents\\p8\\TesteurLogiciel_appli_location_immobiliere_React-main-FlorentLeBihan\\my-react-app\\src\\components\\Card.jsx","statementMap":{"0":{"start":{"line":6,"column":2},"end":{"line":12,"column":4}}},"fnMap":{"0":{"name":"Card","decl":{"start":{"line":5,"column":9},"end":{"line":5,"column":13}},"loc":{"start":{"line":5,"column":36},"end":{"line":13,"column":1}},"line":5}},"branchMap":{},"s":{"0":1},"f":{"0":1},"b":{},"_coverageSchema":"1a1c01bbd47fc00a2c39e90264f33305004495a9","hash":"014609632104985a87147fed95b3fcde192ae7ff"}
,"C:\\Users\\fl\\Documents\\p8\\TesteurLogiciel_appli_location_immobiliere_React-main-FlorentLeBihan\\my-react-app\\src\\components\\Slideshow.jsx": {"path":"C:\\Users\\fl\\Documents\\p8\\TesteurLogiciel_appli_location_immobiliere_React-main-FlorentLeBihan\\my-react-app\\src\\components\\Slideshow.jsx","statementMap":{"0":{"start":{"line":5,"column":42},"end":{"line":5,"column":53}},"1":{"start":{"line":7,"column":21},"end":{"line":11,"column":3}},"2":{"start":{"line":8,"column":4},"end":{"line":10,"column":6}},"3":{"start":{"line":9,"column":6},"end":{"line":9,"column":59}},"4":{"start":{"line":13,"column":21},"end":{"line":17,"column":3}},"5":{"start":{"line":14,"column":4},"end":{"line":16,"column":6}},"6":{"start":{"line":15,"column":6},"end":{"line":15,"column":59}},"7":{"start":{"line":19,"column":2},"end":{"line":50,"column":4}}},"fnMap":{"0":{"name":"Slideshow","decl":{"start":{"line":4,"column":9},"end":{"line":4,"column":18}},"loc":{"start":{"line":4,"column":33},"end":{"line":51,"column":1}},"line":4},"1":{"name":"(anonymous_1)","decl":{"start":{"line":7,"column":21},"end":{"line":7,"column":22}},"loc":{"start":{"line":7,"column":27},"end":{"line":11,"column":3}},"line":7},"2":{"name":"(anonymous_2)","decl":{"start":{"line":8,"column":20},"end":{"line":8,"column":21}},"loc":{"start":{"line":9,"column":6},"end":{"line":9,"column":59}},"line":9},"3":{"name":"(anonymous_3)","decl":{"start":{"line":13,"column":21},"end":{"line":13,"column":22}},"loc":{"start":{"line":13,"column":27},"end":{"line":17,"column":3}},"line":13},"4":{"name":"(anonymous_4)","decl":{"start":{"line":14,"column":20},"end":{"line":14,"column":21}},"loc":{"start":{"line":15,"column":6},"end":{"line":15,"column":59}},"line":15}},"branchMap":{"0":{"loc":{"start":{"line":9,"column":6},"end":{"line":9,"column":59}},"type":"cond-expr","locations":[{"start":{"line":9,"column":42},"end":{"line":9,"column":43}},{"start":{"line":9,"column":46},"end":{"line":9,"column":59}}],"line":9},"1":{"loc":{"start":{"line":15,"column":6},"end":{"line":15,"column":59}},"type":"cond-expr","locations":[{"start":{"line":15,"column":24},"end":{"line":15,"column":43}},{"start":{"line":15,"column":46},"end":{"line":15,"column":59}}],"line":15},"2":{"loc":{"start":{"line":21,"column":7},"end":{"line":38,"column":7}},"type":"binary-expr","locations":[{"start":{"line":21,"column":7},"end":{"line":21,"column":26}},{"start":{"line":22,"column":8},"end":{"line":37,"column":11}}],"line":21},"3":{"loc":{"start":{"line":44,"column":7},"end":{"line":48,"column":7}},"type":"binary-expr","locations":[{"start":{"line":44,"column":7},"end":{"line":44,"column":26}},{"start":{"line":45,"column":8},"end":{"line":47,"column":14}}],"line":44}},"s":{"0":5,"1":5,"2":1,"3":1,"4":5,"5":1,"6":1,"7":5},"f":{"0":5,"1":1,"2":1,"3":1,"4":1},"b":{"0":[0,1],"1":[1,0],"2":[5,5],"3":[5,5]},"_coverageSchema":"1a1c01bbd47fc00a2c39e90264f33305004495a9","hash":"458cbab845aba1daa48b2263f33152b69802ef7a"}
}
