TN:
SF:src\components\Card.jsx
FN:5,(anonymous_0)
FNF:1
FNH:1
FNDA:1,(anonymous_0)
DA:5,1
DA:6,1
LF:2
LH:2
BRF:0
BRH:0
end_of_record
TN:
SF:src\components\Slideshow.jsx
FN:5,Slideshow
FN:8,(anonymous_1)
FN:9,(anonymous_2)
FN:14,(anonymous_3)
FN:15,(anonymous_4)
FNF:5
FNH:5
FNDA:5,Slideshow
FNDA:1,(anonymous_1)
FNDA:1,(anonymous_2)
FNDA:1,(anonymous_3)
FNDA:1,(anonymous_4)
DA:6,5
DA:8,5
DA:9,1
DA:10,1
DA:14,5
DA:15,1
DA:16,1
DA:20,5
LF:8
LH:8
BRDA:10,0,0,0
BRDA:10,0,1,1
BRDA:16,1,0,1
BRDA:16,1,1,0
BRDA:22,2,0,5
BRDA:22,2,1,5
BRDA:45,3,0,5
BRDA:45,3,1,5
BRF:8
BRH:6
end_of_record
