TN:
SF:src\components\Card.jsx
FN:5,Card
FNF:1
FNH:1
FNDA:1,Card
DA:6,1
LF:1
LH:1
BRF:0
BRH:0
end_of_record
TN:
SF:src\components\Slideshow.jsx
FN:4,Slideshow
FN:7,(anonymous_1)
FN:8,(anonymous_2)
FN:13,(anonymous_3)
FN:14,(anonymous_4)
FNF:5
FNH:5
FNDA:5,Slideshow
FNDA:1,(anonymous_1)
FNDA:1,(anonymous_2)
FNDA:1,(anonymous_3)
FNDA:1,(anonymous_4)
DA:5,5
DA:7,5
DA:8,1
DA:9,1
DA:13,5
DA:14,1
DA:15,1
DA:19,5
LF:8
LH:8
BRDA:9,0,0,0
BRDA:9,0,1,1
BRDA:15,1,0,1
BRDA:15,1,1,0
BRDA:21,2,0,5
BRDA:21,2,1,5
BRDA:44,3,0,5
BRDA:44,3,1,5
BRF:8
BRH:6
end_of_record
